<?xml version="1.0" encoding="utf-8"?><testsuites name="pytest tests"><testsuite name="pytest" errors="0" failures="1" skipped="1" tests="15" time="5.428" timestamp="2026-02-18T13:13:04.432262+00:00" hostname="agent-env-deca8b75-2691-4966-8425-58cb32adddff"><testcase classname="tests.test_multi_vendor_orders.TestAuthSetup" name="test_wisher_login" time="0.344" /><testcase classname="tests.test_multi_vendor_orders.TestAuthSetup" name="test_vendor_1_login" time="0.226" /><testcase classname="tests.test_multi_vendor_orders.TestCartOperations" name="test_add_to_cart_requires_product" time="0.309" /><testcase classname="tests.test_multi_vendor_orders.TestCartOperations" name="test_get_cart_structure" time="0.333" /><testcase classname="tests.test_multi_vendor_orders.TestCartOperations" name="test_cart_vendor_grouping" time="0.327" /><testcase classname="tests.test_multi_vendor_orders.TestMultiVendorOrderCreation" name="test_create_order_validates_empty_cart" time="0.306" /><testcase classname="tests.test_multi_vendor_orders.TestMultiVendorOrderCreation" name="test_order_response_structure" time="0.400"><skipped type="pytest.skip" message="Cart is empty, skipping order creation test">/app/backend/tests/test_multi_vendor_orders.py:153: Cart is empty, skipping order creation test</skipped></testcase><testcase classname="tests.test_multi_vendor_orders.TestVendorWisherOrders" name="test_vendor_wisher_orders_auth_required" time="0.104" /><testcase classname="tests.test_multi_vendor_orders.TestVendorWisherOrders" name="test_vendor_wisher_orders_structure" time="0.497" /><testcase classname="tests.test_multi_vendor_orders.TestVendorWisherOrders" name="test_multi_order_fields_present" time="0.380"><failure message="AssertionError: Missing is_multi_order field in order wisher_order_214e38d0e074&#10;assert 'is_multi_order' in {'created_at': '2026-02-18T11:01:41.888831+00:00', 'customer_email': 'vivekvivektv@gmail.com', 'customer_name': 'David', 'customer_phone': '', ...}">tests/test_multi_vendor_orders.py:243: in test_multi_order_fields_present
    assert "is_multi_order" in order, f"Missing is_multi_order field in order {order.get('order_id')}"
E   AssertionError: Missing is_multi_order field in order wisher_order_214e38d0e074
E   assert 'is_multi_order' in {'created_at': '2026-02-18T11:01:41.888831+00:00', 'customer_email': 'vivekvivektv@gmail.com', 'customer_name': 'David', 'customer_phone': '', ...}</failure></testcase><testcase classname="tests.test_multi_vendor_orders.TestVendorWisherOrders" name="test_vendor_has_own_delivery_flag" time="0.448" /><testcase classname="tests.test_multi_vendor_orders.TestOrderStatusWorkflow" name="test_update_order_status" time="0.508" /><testcase classname="tests.test_multi_vendor_orders.TestDeliveryAssignment" name="test_delivery_options_based_on_vendor_setting" time="0.376" /><testcase classname="tests.test_multi_vendor_orders.TestDataVerification" name="test_existing_wisher_user" time="0.333" /><testcase classname="tests.test_multi_vendor_orders.TestDataVerification" name="test_existing_vendors" time="0.406" /></testsuite></testsuites>