<?xml version="1.0" encoding="utf-8"?><testsuites name="pytest tests"><testsuite name="pytest" errors="0" failures="0" skipped="0" tests="17" time="11.492" timestamp="2026-02-13T14:32:27.023201+00:00" hostname="agent-env-7975c301-4948-4822-ac3e-3fd13f5c2a53"><testcase classname="backend.tests.test_order_timeline.TestWisherOrders" name="test_create_order_without_auth" time="0.399" /><testcase classname="backend.tests.test_order_timeline.TestWisherOrders" name="test_create_order_with_auth" time="0.699" /><testcase classname="backend.tests.test_order_timeline.TestWisherOrders" name="test_list_wisher_orders" time="0.071" /><testcase classname="backend.tests.test_order_timeline.TestWisherOrders" name="test_list_wisher_orders_with_status_filter" time="0.068" /><testcase classname="backend.tests.test_order_timeline.TestUniversalOrderStatus" name="test_get_order_status_not_found" time="0.282" /><testcase classname="backend.tests.test_order_timeline.TestUniversalOrderStatus" name="test_get_order_status_success" time="0.517" /><testcase classname="backend.tests.test_order_timeline.TestWisherOrderCancel" name="test_cancel_order_success" time="0.826" /><testcase classname="backend.tests.test_order_timeline.TestWisherOrderCancel" name="test_cancel_order_already_accepted" time="0.243" /><testcase classname="backend.tests.test_order_timeline.TestVendorOrderAccept" name="test_vendor_accept_placed_order" time="1.361" /><testcase classname="backend.tests.test_order_timeline.TestVendorOrderStatusUpdate" name="test_vendor_update_to_preparing" time="0.976" /><testcase classname="backend.tests.test_order_timeline.TestVendorOrderStatusUpdate" name="test_vendor_update_to_ready" time="0.524" /><testcase classname="backend.tests.test_order_timeline.TestGenieOrderManagement" name="test_get_available_orders" time="1.326" /><testcase classname="backend.tests.test_order_timeline.TestGenieOrderManagement" name="test_genie_accept_order" time="0.701" /><testcase classname="backend.tests.test_order_timeline.TestGenieOrderManagement" name="test_genie_pickup_order" time="0.692" /><testcase classname="backend.tests.test_order_timeline.TestGenieOrderManagement" name="test_genie_deliver_order" time="0.771" /><testcase classname="backend.tests.test_order_timeline.TestGenieOrderManagement" name="test_genie_current_order" time="0.065" /><testcase classname="backend.tests.test_order_timeline.TestFullOrderLifecycle" name="test_complete_order_lifecycle" time="1.758" /></testsuite></testsuites>