<?xml version="1.0" encoding="utf-8"?><testsuites name="pytest tests"><testsuite name="pytest" errors="0" failures="0" skipped="0" tests="5" time="1.964" timestamp="2026-03-11T12:37:22.818583+00:00" hostname="agent-env-363955d2-b62d-4ca5-8801-3692b7e738d6"><testcase classname="tests.test_multi_image_product.TestMultiImageProductUpload" name="test_create_product_with_subcategory_only" time="0.514" /><testcase classname="tests.test_multi_image_product.TestMultiImageProductUpload" name="test_create_product_with_single_image_in_images_array" time="0.307" /><testcase classname="tests.test_multi_image_product.TestMultiImageProductUpload" name="test_create_product_with_multiple_images" time="0.362" /><testcase classname="tests.test_multi_image_product.TestMultiImageProductUpload" name="test_create_product_with_all_fields" time="0.292" /><testcase classname="tests.test_multi_image_product.TestMultiImageProductUpload" name="test_verify_product_persists_in_db" time="0.386" /></testsuite></testsuites>