<?xml version="1.0" encoding="utf-8"?><testsuites name="pytest tests"><testsuite name="pytest" errors="0" failures="0" skipped="0" tests="23" time="5.110" timestamp="2026-02-14T16:53:32.053110+00:00" hostname="agent-env-d3ff2717-830f-4697-8dbd-04ea8d5e6352"><testcase classname="backend.tests.test_discounts_timings.TestDiscountAPI" name="test_create_discount_percentage" time="0.508" /><testcase classname="backend.tests.test_discounts_timings.TestDiscountAPI" name="test_create_discount_flat" time="0.120" /><testcase classname="backend.tests.test_discounts_timings.TestDiscountAPI" name="test_create_discount_with_date_range" time="0.137" /><testcase classname="backend.tests.test_discounts_timings.TestDiscountAPI" name="test_get_all_discounts" time="0.118" /><testcase classname="backend.tests.test_discounts_timings.TestDiscountAPI" name="test_get_discounts_by_status" time="0.125" /><testcase classname="backend.tests.test_discounts_timings.TestDiscountAPI" name="test_get_single_discount" time="0.118" /><testcase classname="backend.tests.test_discounts_timings.TestDiscountAPI" name="test_update_discount" time="0.324" /><testcase classname="backend.tests.test_discounts_timings.TestDiscountAPI" name="test_toggle_discount" time="0.239" /><testcase classname="backend.tests.test_discounts_timings.TestDiscountAPI" name="test_delete_discount" time="0.232" /><testcase classname="backend.tests.test_discounts_timings.TestDiscountAPI" name="test_get_nonexistent_discount" time="0.134" /><testcase classname="backend.tests.test_discounts_timings.TestTimingsAPI" name="test_get_timings" time="0.109" /><testcase classname="backend.tests.test_discounts_timings.TestTimingsAPI" name="test_update_day_schedule" time="0.258" /><testcase classname="backend.tests.test_discounts_timings.TestTimingsAPI" name="test_update_day_schedule_closed" time="0.597" /><testcase classname="backend.tests.test_discounts_timings.TestTimingsAPI" name="test_apply_schedule_to_all_weekdays" time="0.282" /><testcase classname="backend.tests.test_discounts_timings.TestTimingsAPI" name="test_add_holiday" time="0.124" /><testcase classname="backend.tests.test_discounts_timings.TestTimingsAPI" name="test_add_multi_day_holiday" time="0.117" /><testcase classname="backend.tests.test_discounts_timings.TestTimingsAPI" name="test_get_holidays_in_timings" time="0.115" /><testcase classname="backend.tests.test_discounts_timings.TestTimingsAPI" name="test_delete_holiday" time="0.231" /><testcase classname="backend.tests.test_discounts_timings.TestTimingsAPI" name="test_delete_nonexistent_holiday" time="0.157" /><testcase classname="backend.tests.test_discounts_timings.TestTimingsAPI" name="test_close_shop_early" time="0.152" /><testcase classname="backend.tests.test_discounts_timings.TestTimingsAPI" name="test_update_full_timings" time="0.224" /><testcase classname="backend.tests.test_discounts_timings.TestCleanup" name="test_cleanup_test_discounts" time="0.384" /><testcase classname="backend.tests.test_discounts_timings.TestCleanup" name="test_cleanup_test_holidays" time="0.245" /></testsuite></testsuites>