<?xml version="1.0" encoding="utf-8"?><testsuites name="pytest tests"><testsuite name="pytest" errors="0" failures="0" skipped="0" tests="14" time="2.306" timestamp="2026-03-05T10:00:16.461785+00:00" hostname="agent-env-3ebd2f65-2217-4616-9c86-49be8c0b8b5f"><testcase classname="backend.tests.test_vendor_notifications.TestVendorNotificationsEndpoints" name="test_get_notifications_returns_correct_structure" time="0.415" /><testcase classname="backend.tests.test_vendor_notifications.TestVendorNotificationsEndpoints" name="test_get_notifications_with_limit_offset" time="0.110" /><testcase classname="backend.tests.test_vendor_notifications.TestVendorNotificationsEndpoints" name="test_notification_contains_required_fields" time="0.103" /><testcase classname="backend.tests.test_vendor_notifications.TestVendorNotificationsEndpoints" name="test_get_unread_count" time="0.117" /><testcase classname="backend.tests.test_vendor_notifications.TestVendorNotificationsEndpoints" name="test_unread_count_matches_notifications_list" time="0.216" /><testcase classname="backend.tests.test_vendor_notifications.TestMarkAsRead" name="test_mark_single_notification_read" time="0.355" /><testcase classname="backend.tests.test_vendor_notifications.TestMarkAsRead" name="test_mark_nonexistent_notification_returns_404" time="0.104" /><testcase classname="backend.tests.test_vendor_notifications.TestMarkAsRead" name="test_mark_all_read" time="0.207" /><testcase classname="backend.tests.test_vendor_notifications.TestNotificationCreationTriggers" name="test_notification_created_on_vendor_rating" time="0.111" /><testcase classname="backend.tests.test_vendor_notifications.TestNotificationCreationTriggers" name="test_notification_created_on_issue_report" time="0.103" /><testcase classname="backend.tests.test_vendor_notifications.TestAuthenticationRequired" name="test_get_notifications_requires_auth" time="0.101" /><testcase classname="backend.tests.test_vendor_notifications.TestAuthenticationRequired" name="test_get_unread_count_requires_auth" time="0.100" /><testcase classname="backend.tests.test_vendor_notifications.TestAuthenticationRequired" name="test_mark_read_requires_auth" time="0.107" /><testcase classname="backend.tests.test_vendor_notifications.TestAuthenticationRequired" name="test_mark_all_read_requires_auth" time="0.100" /></testsuite></testsuites>