<?xml version="1.0" encoding="utf-8"?><testsuites name="pytest tests"><testsuite name="pytest" errors="0" failures="0" skipped="0" tests="6" time="0.890" timestamp="2026-02-11T18:10:26.346295+00:00" hostname="agent-env-762dddff-4780-4566-8371-90768b70df52"><testcase classname="backend.tests.test_demo_order_flow.TestDemoOrderAPI" name="test_create_demo_order_success" time="0.219" /><testcase classname="backend.tests.test_demo_order_flow.TestDemoOrderAPI" name="test_create_demo_order_requires_auth" time="0.039" /><testcase classname="backend.tests.test_demo_order_flow.TestDemoOrderInVendorOrders" name="test_demo_order_appears_in_vendor_orders" time="0.094" /><testcase classname="backend.tests.test_demo_order_flow.TestDemoOrderInVendorOrders" name="test_demo_order_appears_in_pending_orders" time="0.084" /><testcase classname="backend.tests.test_demo_order_flow.TestDemoOrderWorkflow" name="test_full_demo_order_workflow" time="0.218" /><testcase classname="backend.tests.test_demo_order_flow.TestGenieCreation" name="test_demo_genie_created_on_demo_order" time="0.038" /></testsuite></testsuites>