<?xml version="1.0" encoding="utf-8"?><testsuites name="pytest tests"><testsuite name="pytest" errors="0" failures="0" skipped="7" tests="18" time="2.838" timestamp="2026-03-11T13:06:48.610520+00:00" hostname="agent-env-363955d2-b62d-4ca5-8801-3692b7e738d6"><testcase classname="backend.tests.test_handover_authentication.TestHandoverAuthentication" name="test_01_get_vendor_info" time="0.502" /><testcase classname="backend.tests.test_handover_authentication.TestHandoverAuthentication" name="test_02_get_genie_info" time="0.124" /><testcase classname="backend.tests.test_handover_authentication.TestHandoverAuthentication" name="test_03_create_test_order_for_handover" time="0.668"><skipped type="pytest.skip" message="No wisher orders available for testing. API endpoints validated separately.">/app/backend/tests/test_handover_authentication.py:146: No wisher orders available for testing. API endpoints validated separately.</skipped></testcase><testcase classname="backend.tests.test_handover_authentication.TestHandoverAuthentication" name="test_04_assign_genie_to_order" time="0.000"><skipped type="pytest.skip" message="No test order available">/app/backend/tests/test_handover_authentication.py:151: No test order available</skipped></testcase><testcase classname="backend.tests.test_handover_authentication.TestHandoverAuthentication" name="test_05_genie_arrives_at_vendor_generates_otp" time="0.000"><skipped type="pytest.skip" message="No test order available">/app/backend/tests/test_handover_authentication.py:199: No test order available</skipped></testcase><testcase classname="backend.tests.test_handover_authentication.TestHandoverAuthentication" name="test_06_genie_can_retrieve_otp" time="0.001"><skipped type="pytest.skip" message="No test order or OTP available">/app/backend/tests/test_handover_authentication.py:232: No test order or OTP available</skipped></testcase><testcase classname="backend.tests.test_handover_authentication.TestHandoverAuthentication" name="test_07_vendor_verifies_invalid_otp" time="0.137" /><testcase classname="backend.tests.test_handover_authentication.TestHandoverAuthentication" name="test_08_vendor_verifies_valid_otp" time="0.000"><skipped type="pytest.skip" message="No OTP available from genie arrived step">/app/backend/tests/test_handover_authentication.py:266: No OTP available from genie arrived step</skipped></testcase><testcase classname="backend.tests.test_handover_authentication.TestHandoverAuthentication" name="test_09_genie_confirms_checklist" time="0.000"><skipped type="pytest.skip" message="No test order available">/app/backend/tests/test_handover_authentication.py:299: No test order available</skipped></testcase><testcase classname="backend.tests.test_handover_authentication.TestHandoverAuthentication" name="test_10_verify_order_status_updated" time="0.000"><skipped type="pytest.skip" message="No test order available">/app/backend/tests/test_handover_authentication.py:330: No test order available</skipped></testcase><testcase classname="backend.tests.test_handover_authentication.TestHandoverAuthentication" name="test_11_vendor_pending_handovers_endpoint" time="0.111" /><testcase classname="backend.tests.test_handover_authentication.TestHandoverAPIValidation" name="test_verify_otp_empty" time="0.398" /><testcase classname="backend.tests.test_handover_authentication.TestHandoverAPIValidation" name="test_verify_otp_short" time="0.117" /><testcase classname="backend.tests.test_handover_authentication.TestHandoverAPIValidation" name="test_verify_otp_long" time="0.113" /><testcase classname="backend.tests.test_handover_authentication.TestHandoverAPIValidation" name="test_verify_otp_nonexistent" time="0.104" /><testcase classname="backend.tests.test_handover_authentication.TestHandoverAPIValidation" name="test_verify_otp_unauthenticated" time="0.106" /><testcase classname="backend.tests.test_handover_authentication.TestHandoverFrontendAPI" name="test_handover_api_verify_endpoint_exists" time="0.266" /><testcase classname="backend.tests.test_handover_authentication.TestHandoverFrontendAPI" name="test_pending_handovers_endpoint_exists" time="0.108" /></testsuite></testsuites>