<?xml version="1.0" encoding="utf-8"?><testsuites name="pytest tests"><testsuite name="pytest" errors="0" failures="0" skipped="0" tests="11" time="1.858" timestamp="2026-03-05T09:34:50.861179+00:00" hostname="agent-env-3ebd2f65-2217-4616-9c86-49be8c0b8b5f"><testcase classname="backend.tests.test_vendor_ratings_issues.TestVendorRatingsIssuesAPIs" name="test_vendor_ratings_summary_endpoint_exists" time="0.421" /><testcase classname="backend.tests.test_vendor_ratings_issues.TestVendorRatingsIssuesAPIs" name="test_vendor_ratings_summary_distribution_keys" time="0.105" /><testcase classname="backend.tests.test_vendor_ratings_issues.TestVendorRatingsIssuesAPIs" name="test_vendor_ratings_list_endpoint_exists" time="0.161" /><testcase classname="backend.tests.test_vendor_ratings_issues.TestVendorRatingsIssuesAPIs" name="test_vendor_ratings_list_with_pagination" time="0.125" /><testcase classname="backend.tests.test_vendor_ratings_issues.TestVendorRatingsIssuesAPIs" name="test_vendor_issues_endpoint_exists" time="0.101" /><testcase classname="backend.tests.test_vendor_ratings_issues.TestVendorRatingsIssuesAPIs" name="test_vendor_issues_with_status_filter" time="0.122" /><testcase classname="backend.tests.test_vendor_ratings_issues.TestVendorRatingsIssuesAPIs" name="test_ratings_requires_auth" time="0.094" /><testcase classname="backend.tests.test_vendor_ratings_issues.TestVendorRatingsIssuesAPIs" name="test_issues_requires_auth" time="0.098" /><testcase classname="backend.tests.test_vendor_ratings_issues.TestVendorRatingsIssuesAPIs" name="test_ratings_summary_requires_auth" time="0.095" /><testcase classname="backend.tests.test_vendor_ratings_issues.TestVendorRatingsIssuesAPIs" name="test_user_is_vendor" time="0.000" /><testcase classname="backend.tests.test_vendor_ratings_issues.TestWisherOrdersNoStrayZero" name="test_wisher_orders_response_structure" time="0.345" /></testsuite></testsuites>