<?xml version="1.0" encoding="utf-8"?><testsuites name="pytest tests"><testsuite name="pytest" errors="0" failures="0" skipped="1" tests="15" time="5.410" timestamp="2026-02-18T13:13:40.597079+00:00" hostname="agent-env-deca8b75-2691-4966-8425-58cb32adddff"><testcase classname="tests.test_multi_vendor_orders.TestAuthSetup" name="test_wisher_login" time="0.271" /><testcase classname="tests.test_multi_vendor_orders.TestAuthSetup" name="test_vendor_1_login" time="0.265" /><testcase classname="tests.test_multi_vendor_orders.TestCartOperations" name="test_add_to_cart_requires_product" time="0.319" /><testcase classname="tests.test_multi_vendor_orders.TestCartOperations" name="test_get_cart_structure" time="0.375" /><testcase classname="tests.test_multi_vendor_orders.TestCartOperations" name="test_cart_vendor_grouping" time="0.332" /><testcase classname="tests.test_multi_vendor_orders.TestMultiVendorOrderCreation" name="test_create_order_validates_empty_cart" time="0.324" /><testcase classname="tests.test_multi_vendor_orders.TestMultiVendorOrderCreation" name="test_order_response_structure" time="0.306"><skipped type="pytest.skip" message="Cart is empty, skipping order creation test">/app/backend/tests/test_multi_vendor_orders.py:153: Cart is empty, skipping order creation test</skipped></testcase><testcase classname="tests.test_multi_vendor_orders.TestVendorWisherOrders" name="test_vendor_wisher_orders_auth_required" time="0.105" /><testcase classname="tests.test_multi_vendor_orders.TestVendorWisherOrders" name="test_vendor_wisher_orders_structure" time="0.368" /><testcase classname="tests.test_multi_vendor_orders.TestVendorWisherOrders" name="test_multi_order_fields_present" time="0.374" /><testcase classname="tests.test_multi_vendor_orders.TestVendorWisherOrders" name="test_vendor_has_own_delivery_flag" time="0.440" /><testcase classname="tests.test_multi_vendor_orders.TestOrderStatusWorkflow" name="test_update_order_status" time="0.488" /><testcase classname="tests.test_multi_vendor_orders.TestDeliveryAssignment" name="test_delivery_options_based_on_vendor_setting" time="0.636" /><testcase classname="tests.test_multi_vendor_orders.TestDataVerification" name="test_existing_wisher_user" time="0.308" /><testcase classname="tests.test_multi_vendor_orders.TestDataVerification" name="test_existing_vendors" time="0.431" /></testsuite></testsuites>