<?xml version="1.0" encoding="utf-8"?><testsuites name="pytest tests"><testsuite name="pytest" errors="0" failures="0" skipped="0" tests="24" time="1.552" timestamp="2026-03-07T12:16:59.665817+00:00" hostname="agent-env-3ebd2f65-2217-4616-9c86-49be8c0b8b5f"><testcase classname="tests.test_zone_assignment_system.TestRedisHealth" name="test_redis_ping_via_cli" time="0.009" /><testcase classname="tests.test_zone_assignment_system.TestZoneManagement" name="test_create_circle_zone" time="0.111" /><testcase classname="tests.test_zone_assignment_system.TestZoneManagement" name="test_create_polygon_zone" time="0.046" /><testcase classname="tests.test_zone_assignment_system.TestZoneManagement" name="test_list_zones" time="0.048" /><testcase classname="tests.test_zone_assignment_system.TestZoneManagement" name="test_get_zone_with_stats" time="0.050" /><testcase classname="tests.test_zone_assignment_system.TestZoneManagement" name="test_get_zone_stats" time="0.049" /><testcase classname="tests.test_zone_assignment_system.TestZoneManagement" name="test_zone_not_found" time="0.070" /><testcase classname="tests.test_zone_assignment_system.TestZoneDetection" name="test_find_zones_for_point_inside" time="0.045" /><testcase classname="tests.test_zone_assignment_system.TestZoneDetection" name="test_find_zones_for_point_outside" time="0.045" /><testcase classname="tests.test_zone_assignment_system.TestZoneAssignments" name="test_assign_vendor_to_zone" time="0.046" /><testcase classname="tests.test_zone_assignment_system.TestZoneAssignments" name="test_assign_genie_to_zone" time="0.061" /><testcase classname="tests.test_zone_assignment_system.TestZoneAssignments" name="test_get_zone_genies" time="0.049" /><testcase classname="tests.test_zone_assignment_system.TestZoneAssignments" name="test_get_zone_vendors" time="0.045" /><testcase classname="tests.test_zone_assignment_system.TestGenieZoneOperations" name="test_get_genie_my_zone" time="0.155" /><testcase classname="tests.test_zone_assignment_system.TestGenieZoneOperations" name="test_genie_zone_switch_request" time="0.049" /><testcase classname="tests.test_zone_assignment_system.TestSSEDeliveryStream" name="test_sse_stream_connection" time="0.049" /><testcase classname="tests.test_zone_assignment_system.TestSSEDeliveryStream" name="test_sse_requires_auth" time="0.127" /><testcase classname="tests.test_zone_assignment_system.TestGenieLocation" name="test_genie_location_update" time="0.116" /><testcase classname="tests.test_zone_assignment_system.TestGenieLocation" name="test_verify_redis_geo_location" time="0.007" /><testcase classname="tests.test_zone_assignment_system.TestOrderStatusCache" name="test_get_cached_order_status_nonexistent" time="0.051" /><testcase classname="tests.test_zone_assignment_system.TestOrderStatusCache" name="test_get_cached_order_status_existing" time="0.052" /><testcase classname="tests.test_zone_assignment_system.TestAssignmentEngine" name="test_get_assignment_status_nonexistent" time="0.056" /><testcase classname="tests.test_zone_assignment_system.TestAssignmentEngine" name="test_get_assignment_status_existing" time="0.052" /><testcase classname="tests.test_zone_assignment_system.TestCleanup" name="test_delete_test_zones" time="0.101" /></testsuite></testsuites>