<?xml version="1.0" encoding="utf-8"?><testsuites name="pytest tests"><testsuite name="pytest" errors="0" failures="0" skipped="0" tests="14" time="5.356" timestamp="2026-03-10T12:37:31.643761+00:00" hostname="agent-env-aa805c66-d2a4-48fa-8faf-c5a782ad8a5b"><testcase classname="backend.tests.test_stock_verification.TestStockVerificationSystem" name="test_get_verification_status_success" time="0.344" /><testcase classname="backend.tests.test_stock_verification.TestStockVerificationSystem" name="test_verification_status_with_low_stock_product" time="0.407" /><testcase classname="backend.tests.test_stock_verification.TestStockVerificationSystem" name="test_verification_status_unauthorized" time="0.321" /><testcase classname="backend.tests.test_stock_verification.TestStockVerificationSystem" name="test_submit_stock_verification_success" time="0.463" /><testcase classname="backend.tests.test_stock_verification.TestStockVerificationSystem" name="test_submit_verification_multiple_products" time="0.453" /><testcase classname="backend.tests.test_stock_verification.TestStockVerificationSystem" name="test_submit_verification_manual_type" time="0.363" /><testcase classname="backend.tests.test_stock_verification.TestStockVerificationSystem" name="test_quick_update_stock_success" time="0.467" /><testcase classname="backend.tests.test_stock_verification.TestStockVerificationSystem" name="test_quick_update_mark_out_of_stock" time="0.378" /><testcase classname="backend.tests.test_stock_verification.TestStockVerificationSystem" name="test_quick_update_nonexistent_product" time="0.253" /><testcase classname="backend.tests.test_stock_verification.TestStockVerificationSystem" name="test_get_stock_health_success" time="0.322" /><testcase classname="backend.tests.test_stock_verification.TestStockVerificationSystem" name="test_stock_health_product_details" time="0.350" /><testcase classname="backend.tests.test_stock_verification.TestStockVerificationSystem" name="test_dismiss_low_stock_alert_success" time="0.368" /><testcase classname="backend.tests.test_stock_verification.TestStockVerificationSystem" name="test_dismiss_alert_nonexistent_product" time="0.215" /><testcase classname="backend.tests.test_stock_verification.TestStockVerificationSystem" name="test_full_verification_workflow" time="0.519" /></testsuite></testsuites>