<?xml version="1.0" encoding="utf-8"?><testsuites name="pytest tests"><testsuite name="pytest" errors="0" failures="0" skipped="0" tests="13" time="1.061" timestamp="2026-02-09T13:07:17.696415+00:00" hostname="agent-env-efae893e-3193-4000-ba86-d5debecc3499"><testcase classname="backend.tests.test_vendor_features.TestAuthFlow" name="test_send_otp_success" time="0.108" /><testcase classname="backend.tests.test_vendor_features.TestAuthFlow" name="test_send_otp_invalid_phone" time="0.042" /><testcase classname="backend.tests.test_vendor_features.TestAuthFlow" name="test_verify_otp_success" time="0.087" /><testcase classname="backend.tests.test_vendor_features.TestAuthFlow" name="test_verify_otp_invalid" time="0.077" /><testcase classname="backend.tests.test_vendor_features.TestVendorStatus" name="test_set_status_available" time="0.164" /><testcase classname="backend.tests.test_vendor_features.TestVendorStatus" name="test_set_status_offline" time="0.118" /><testcase classname="backend.tests.test_vendor_features.TestVendorStatus" name="test_set_status_invalid" time="0.040" /><testcase classname="backend.tests.test_vendor_features.TestVendorStatus" name="test_status_requires_auth" time="0.035" /><testcase classname="backend.tests.test_vendor_features.TestOrderPolling" name="test_get_pending_orders_when_online" time="0.081" /><testcase classname="backend.tests.test_vendor_features.TestOrderPolling" name="test_get_pending_orders_when_offline" time="0.071" /><testcase classname="backend.tests.test_vendor_features.TestOrderPolling" name="test_pending_orders_requires_auth" time="0.037" /><testcase classname="backend.tests.test_vendor_features.TestVendorAnalytics" name="test_get_analytics" time="0.046" /><testcase classname="backend.tests.test_vendor_features.TestVendorProfile" name="test_get_profile" time="0.038" /></testsuite></testsuites>