<?xml version="1.0" encoding="utf-8"?><testsuites name="pytest tests"><testsuite name="pytest" errors="0" failures="0" skipped="2" tests="16" time="0.981" timestamp="2026-02-09T12:47:36.194057+00:00" hostname="agent-env-efae893e-3193-4000-ba86-d5debecc3499"><testcase classname="tests.test_delivery_backend.TestHealthCheck" name="test_health_endpoint" time="0.080" /><testcase classname="tests.test_delivery_backend.TestAuthFlow" name="test_send_otp_success" time="0.043" /><testcase classname="tests.test_delivery_backend.TestAuthFlow" name="test_send_otp_invalid_phone" time="0.040" /><testcase classname="tests.test_delivery_backend.TestAuthFlow" name="test_verify_otp_success" time="0.087" /><testcase classname="tests.test_delivery_backend.TestAuthFlow" name="test_verify_otp_invalid" time="0.075" /><testcase classname="tests.test_delivery_backend.TestAdminAnalytics" name="test_delivery_analytics_endpoint" time="0.043" /><testcase classname="tests.test_delivery_backend.TestAdminAnalytics" name="test_delivery_assignments_endpoint" time="0.040" /><testcase classname="tests.test_delivery_backend.TestAdminAnalytics" name="test_genie_performance_endpoint" time="0.040" /><testcase classname="tests.test_delivery_backend.TestAdminAnalytics" name="test_platform_revenue_endpoint" time="0.041" /><testcase classname="tests.test_delivery_backend.TestAdminAnalytics" name="test_delivery_config_endpoint" time="0.041" /><testcase classname="tests.test_delivery_backend.TestVendorAuthenticatedAPIs" name="test_get_vendor_orders" time="0.123" /><testcase classname="tests.test_delivery_backend.TestVendorAuthenticatedAPIs" name="test_get_pending_orders" time="0.014" /><testcase classname="tests.test_delivery_backend.TestVendorAuthenticatedAPIs" name="test_get_vendor_products" time="0.024" /><testcase classname="tests.test_delivery_backend.TestDeliveryAssignment" name="test_assign_delivery_invalid_order" time="0.113"><skipped type="pytest.skip" message="No suitable order found for delivery assignment testing">/app/backend/tests/test_delivery_backend.py:312: No suitable order found for delivery assignment testing</skipped></testcase><testcase classname="tests.test_delivery_backend.TestDeliveryAssignment" name="test_assign_delivery_invalid_type" time="0.000"><skipped type="pytest.skip" message="No suitable order found for delivery assignment testing">/app/backend/tests/test_delivery_backend.py:321: No suitable order found for delivery assignment testing</skipped></testcase><testcase classname="tests.test_delivery_backend.TestShopTypes" name="test_get_shop_types" time="0.047" /></testsuite></testsuites>