<?xml version="1.0" encoding="utf-8"?><testsuites name="pytest tests"><testsuite name="pytest" errors="0" failures="0" skipped="0" tests="10" time="2.465" timestamp="2026-07-04T19:21:57.600629+00:00" hostname="agent-env-816ebeb4-57f4-40d1-aa99-944c87766d5f"><testcase classname="backend.tests.test_vendor_pwa.TestAuth" name="test_send_otp" time="0.201" /><testcase classname="backend.tests.test_vendor_pwa.TestAuth" name="test_verify_invalid_otp" time="0.148" /><testcase classname="backend.tests.test_vendor_pwa.TestAuth" name="test_auth_me" time="0.377" /><testcase classname="backend.tests.test_vendor_pwa.TestOrders" name="test_get_orders" time="0.141" /><testcase classname="backend.tests.test_vendor_pwa.TestOrders" name="test_get_orders_unauth" time="0.096" /><testcase classname="backend.tests.test_vendor_pwa.TestProducts" name="test_list_products" time="0.123" /><testcase classname="backend.tests.test_vendor_pwa.TestProducts" name="test_create_update_delete_product" time="0.766" /><testcase classname="backend.tests.test_vendor_pwa.TestProfile" name="test_update_profile" time="0.103" /><testcase classname="backend.tests.test_vendor_pwa.TestProfile" name="test_toggle_status_available" time="0.202" /><testcase classname="backend.tests.test_vendor_pwa.TestProfile" name="test_toggle_status_offline" time="0.212" /></testsuite></testsuites>