<?xml version="1.0" encoding="utf-8"?><testsuites name="pytest tests"><testsuite name="pytest" errors="0" failures="0" skipped="0" tests="15" time="3.287" timestamp="2026-07-04T19:42:49.450936+00:00" hostname="agent-env-816ebeb4-57f4-40d1-aa99-944c87766d5f"><testcase classname="backend.tests.test_vendor_pwa_p1.TestNotifications" name="test_get_notifications_list" time="0.346" /><testcase classname="backend.tests.test_vendor_pwa_p1.TestNotifications" name="test_unread_count" time="0.144" /><testcase classname="backend.tests.test_vendor_pwa_p1.TestNotifications" name="test_seed_notification_and_mark_all_read" time="0.435" /><testcase classname="backend.tests.test_vendor_pwa_p1.TestDiscounts" name="test_create_percentage_discount" time="0.104" /><testcase classname="backend.tests.test_vendor_pwa_p1.TestDiscounts" name="test_create_flat_discount" time="0.102" /><testcase classname="backend.tests.test_vendor_pwa_p1.TestDiscounts" name="test_create_date_range_discount" time="0.098" /><testcase classname="backend.tests.test_vendor_pwa_p1.TestDiscounts" name="test_list_discounts_contains_created" time="0.099" /><testcase classname="backend.tests.test_vendor_pwa_p1.TestDiscounts" name="test_toggle_discount" time="0.325" /><testcase classname="backend.tests.test_vendor_pwa_p1.TestDiscounts" name="test_delete_all_created_discounts" time="0.419" /><testcase classname="backend.tests.test_vendor_pwa_p1.TestProfileLocation" name="test_update_shop_location_persists" time="0.193" /><testcase classname="backend.tests.test_vendor_pwa_p1.TestProductImage" name="test_create_product_with_base64_image" time="0.337" /><testcase classname="backend.tests.test_vendor_pwa_p1.TestPendingOrders" name="test_pending_orders_endpoint" time="0.106" /><testcase classname="backend.tests.test_vendor_pwa_p1.TestCarpetGenieAssignment" name="test_ensure_shop_location" time="0.102" /><testcase classname="backend.tests.test_vendor_pwa_p1.TestCarpetGenieAssignment" name="test_seed_ready_order_and_assign_carpet_genie" time="0.223" /><testcase classname="backend.tests.test_vendor_pwa_p1.TestCarpetGenieAssignment" name="test_vendor_location_fallback" time="0.105" /></testsuite></testsuites>